# JRE version: Java(TM) SE Runtime Environment (8.0_66-b17) (build 1.8.0_66-b17)
# Java VM: Java HotSpot(TM) 64-Bit Server VM (25.66-b17 mixed mode bsd-amd64 compressed oops)
Heap:
 PSYoungGen      total 38400K, used 3632K [0x00000007b5580000, 0x00000007ba080000, 0x00000007c0000000)
  eden space 33280K, 10% used [0x00000007b5580000,0x00000007b590c0c0,0x00000007b7600000)
  from space 5120K, 0% used [0x00000007b7600000,0x00000007b7600000,0x00000007b7b00000)
  to   space 5120K, 0% used [0x00000007b9b80000,0x00000007b9b80000,0x00000007ba080000)
 ParOldGen       total 87552K, used 13732K [0x00000007a0000000, 0x00000007a5580000, 0x00000007b5580000)
  object space 87552K, 15% used [0x00000007a0000000,0x00000007a0d691f8,0x00000007a5580000)
 Metaspace       used 23369K, capacity 23952K, committed 24192K, reserved 1071104K
  class space    used 3022K, capacity 3148K, committed 3200K, reserved 1048576K
GC Heap History (8 events):
Event: 2.567 GC heap before
{Heap before GC invocations=1 (full 0):
 PSYoungGen      total 38400K, used 33280K [0x00000007b5580000, 0x00000007b8000000, 0x00000007c0000000)
  eden space 33280K, 100% used [0x00000007b5580000,0x00000007b7600000,0x00000007b7600000)
  from space 5120K, 0% used [0x00000007b7b00000,0x00000007b7b00000,0x00000007b8000000)
  to   space 5120K, 0% used [0x00000007b7600000,0x00000007b7600000,0x00000007b7b00000)
 ParOldGen       total 87552K, used 0K [0x00000007a0000000, 0x00000007a5580000, 0x00000007b5580000)
  object space 87552K, 0% used [0x00000007a0000000,0x00000007a0000000,0x00000007a5580000)
 Metaspace       used 11748K, capacity 11906K, committed 12032K, reserved 1060864K
  class space    used 1380K, capacity 1455K, committed 1536K, reserved 1048576K
Event: 2.577 GC heap after
Heap after GC invocations=1 (full 0):
 PSYoungGen      total 38400K, used 5090K [0x00000007b5580000, 0x00000007b8000000, 0x00000007c0000000)
  eden space 33280K, 0% used [0x00000007b5580000,0x00000007b5580000,0x00000007b7600000)
  from space 5120K, 99% used [0x00000007b7600000,0x00000007b7af8a28,0x00000007b7b00000)
  to   space 5120K, 0% used [0x00000007b7b00000,0x00000007b7b00000,0x00000007b8000000)
 ParOldGen       total 87552K, used 1778K [0x00000007a0000000, 0x00000007a5580000, 0x00000007b5580000)
  object space 87552K, 2% used [0x00000007a0000000,0x00000007a01bcbb0,0x00000007a5580000)
 Metaspace       used 11748K, capacity 11906K, committed 12032K, reserved 1060864K
  class space    used 1380K, capacity 1455K, committed 1536K, reserved 1048576K
}
Event: 3.559 GC heap before
{Heap before GC invocations=2 (full 0):
 PSYoungGen      total 38400K, used 38370K [0x00000007b5580000, 0x00000007b8000000, 0x00000007c0000000)
  eden space 33280K, 100% used [0x00000007b5580000,0x00000007b7600000,0x00000007b7600000)
  from space 5120K, 99% used [0x00000007b7600000,0x00000007b7af8a28,0x00000007b7b00000)
  to   space 5120K, 0% used [0x00000007b7b00000,0x00000007b7b00000,0x00000007b8000000)
 ParOldGen       total 87552K, used 1778K [0x00000007a0000000, 0x00000007a5580000, 0x00000007b5580000)
  object space 87552K, 2% used [0x00000007a0000000,0x00000007a01bcbb0,0x00000007a5580000)
 Metaspace       used 17757K, capacity 18214K, committed 18432K, reserved 1064960K
  class space    used 2142K, capacity 2263K, committed 2304K, reserved 1048576K
Event: 3.580 GC heap after
Heap after GC invocations=2 (full 0):
 PSYoungGen      total 38400K, used 5093K [0x00000007b5580000, 0x00000007ba080000, 0x00000007c0000000)
  eden space 33280K, 0% used [0x00000007b5580000,0x00000007b5580000,0x00000007b7600000)
  from space 5120K, 99% used [0x00000007b7b00000,0x00000007b7ff96f0,0x00000007b8000000)
  to   space 5120K, 0% used [0x00000007b7600000,0x00000007b7600000,0x00000007b7b00000)
 ParOldGen       total 87552K, used 9992K [0x00000007a0000000, 0x00000007a5580000, 0x00000007b5580000)
  object space 87552K, 11% used [0x00000007a0000000,0x00000007a09c2150,0x00000007a5580000)
 Metaspace       used 17757K, capacity 18214K, committed 18432K, reserved 1064960K
  class space    used 2142K, capacity 2263K, committed 2304K, reserved 1048576K
}
Event: 4.207 GC heap before
{Heap before GC invocations=3 (full 0):
 PSYoungGen      total 38400K, used 33824K [0x00000007b5580000, 0x00000007ba080000, 0x00000007c0000000)
  eden space 33280K, 86% used [0x00000007b5580000,0x00000007b718ea58,0x00000007b7600000)
  from space 5120K, 99% used [0x00000007b7b00000,0x00000007b7ff96f0,0x00000007b8000000)
  to   space 5120K, 0% used [0x00000007b7600000,0x00000007b7600000,0x00000007b7b00000)
 ParOldGen       total 87552K, used 9992K [0x00000007a0000000, 0x00000007a5580000, 0x00000007b5580000)
  object space 87552K, 11% used [0x00000007a0000000,0x00000007a09c2150,0x00000007a5580000)
 Metaspace       used 20681K, capacity 21144K, committed 21248K, reserved 1067008K
  class space    used 2625K, capacity 2756K, committed 2816K, reserved 1048576K
Event: 4.219 GC heap after
Heap after GC invocations=3 (full 0):
 PSYoungGen      total 38400K, used 5089K [0x00000007b5580000, 0x00000007ba080000, 0x00000007c0000000)
  eden space 33280K, 0% used [0x00000007b5580000,0x00000007b5580000,0x00000007b7600000)
  from space 5120K, 99% used [0x00000007b7600000,0x00000007b7af8598,0x00000007b7b00000)
  to   space 5120K, 0% used [0x00000007b9b80000,0x00000007b9b80000,0x00000007ba080000)
 ParOldGen       total 87552K, used 12869K [0x00000007a0000000, 0x00000007a5580000, 0x00000007b5580000)
  object space 87552K, 14% used [0x00000007a0000000,0x00000007a0c91508,0x00000007a5580000)
 Metaspace       used 20681K, capacity 21144K, committed 21248K, reserved 1067008K
  class space    used 2625K, capacity 2756K, committed 2816K, reserved 1048576K
}
Event: 4.219 GC heap before
{Heap before GC invocations=4 (full 1):
 PSYoungGen      total 38400K, used 5089K [0x00000007b5580000, 0x00000007ba080000, 0x00000007c0000000)
  eden space 33280K, 0% used [0x00000007b5580000,0x00000007b5580000,0x00000007b7600000)
  from space 5120K, 99% used [0x00000007b7600000,0x00000007b7af8598,0x00000007b7b00000)
  to   space 5120K, 0% used [0x00000007b9b80000,0x00000007b9b80000,0x00000007ba080000)
 ParOldGen       total 87552K, used 12869K [0x00000007a0000000, 0x00000007a5580000, 0x00000007b5580000)
  object space 87552K, 14% used [0x00000007a0000000,0x00000007a0c91508,0x00000007a5580000)
 Metaspace       used 20681K, capacity 21144K, committed 21248K, reserved 1067008K
  class space    used 2625K, capacity 2756K, committed 2816K, reserved 1048576K
Event: 4.290 GC heap after
Heap after GC invocations=4 (full 1):
 PSYoungGen      total 38400K, used 0K [0x00000007b5580000, 0x00000007ba080000, 0x00000007c0000000)
  eden space 33280K, 0% used [0x00000007b5580000,0x00000007b5580000,0x00000007b7600000)
  from space 5120K, 0% used [0x00000007b7600000,0x00000007b7600000,0x00000007b7b00000)
  to   space 5120K, 0% used [0x00000007b9b80000,0x00000007b9b80000,0x00000007ba080000)
 ParOldGen       total 87552K, used 13732K [0x00000007a0000000, 0x00000007a5580000, 0x00000007b5580000)
  object space 87552K, 15% used [0x00000007a0000000,0x00000007a0d691f8,0x00000007a5580000)
 Metaspace       used 20681K, capacity 21144K, committed 21248K, reserved 1067008K
  class space    used 2625K, capacity 2756K, committed 2816K, reserved 1048576K
}

